[2024-03-20-10:48:26] Using CPU
[2024-03-20-10:48:26] Loading model from ../models/topsy_turvy_v1.sav
[2024-03-20-10:48:26] Loading pairs from tick_serine_protease_combos.tsv
[2024-03-20-10:48:26] Generating Embeddings...
[2024-03-20-11:42:16] Making Predictions...
[2024-03-20-11:42:18] Amblyomma-americanum_evm.model.contig-114817-1.1 x sp|A2VEC9|SSPO_HUMAN skipped (The size of tensor a (5150) must match the size of tensor b (2000) at non-singleton dimension 3)
[2024-03-20-11:42:21] Amblyomma-americanum_evm.model.contig-114817-1.1 x sp|O00468|AGRIN_HUMAN skipped (The size of tensor a (2068) must match the size of tensor b (2000) at non-singleton dimension 3)
[2024-03-20-11:42:27] Amblyomma-americanum_evm.model.contig-114817-1.1 x sp|O75443|TECTA_HUMAN skipped (The size of tensor a (2155) must match the size of tensor b (2000) at non-singleton dimension 3)
[2024-03-20-11:42:38] Amblyomma-americanum_evm.model.contig-114817-1.1 x sp|P04275|VWF_HUMAN skipped (The size of tensor a (2813) must match the size of tensor b (2000) at non-singleton dimension 3)
[2024-03-20-11:42:43] Amblyomma-americanum_evm.model.contig-114817-1.1 x sp|P08519|APOA_HUMAN skipped (The size of tensor a (2040) must match the size of tensor b (2000) at non-singleton dimension 3)
[2024-03-20-11:42:49] Amblyomma-americanum_evm.model.contig-114817-1.1 x sp|P12111|CO6A3_HUMAN skipped (The size of tensor a (3177) must match the size of tensor b (2000) at non-singleton dimension 3)
[2024-03-20-11:42:50] Amblyomma-americanum_evm.model.contig-114817-1.1 x sp|P12259|FA5_HUMAN skipped (The size of tensor a (2224) must match the size of tensor b (2000) at non-singleton dimension 3)
[2024-03-20-11:43:02] Amblyomma-americanum_evm.model.contig-114817-1.1 x sp|P42345|MTOR_HUMAN skipped (The size of tensor a (2549) must match the size of tensor b (2000) at non-singleton dimension 3)
[2024-03-20-11:43:04] Amblyomma-americanum_evm.model.contig-114817-1.1 x sp|P46531|NOTC1_HUMAN skipped (The size of tensor a (2555) must match the size of tensor b (2000) at non-singleton dimension 3)
[2024-03-20-11:43:12] Amblyomma-americanum_evm.model.contig-114817-1.1 x sp|P78509|RELN_HUMAN skipped (The size of tensor a (3460) must match the size of tensor b (2000) at non-singleton dimension 3)
[2024-03-20-11:43:16] Amblyomma-americanum_evm.model.contig-114817-1.1 x sp|P98088|MUC5A_HUMAN skipped (The size of tensor a (5654) must match the size of tensor b (2000) at non-singleton dimension 3)
[2024-03-20-11:43:18] Amblyomma-americanum_evm.model.contig-114817-1.1 x sp|Q02388|CO7A1_HUMAN skipped (The size of tensor a (2944) must match the size of tensor b (2000) at non-singleton dimension 3)
[2024-03-20-11:43:21] Amblyomma-americanum_evm.model.contig-114817-1.1 x sp|Q02817|MUC2_HUMAN skipped (The size of tensor a (5289) must match the size of tensor b (2000) at non-singleton dimension 3)
[2024-03-20-11:43:33] Amblyomma-americanum_evm.model.contig-114817-1.1 x sp|Q6W4X9|MUC6_HUMAN skipped (The size of tensor a (2439) must match the size of tensor b (2000) at non-singleton dimension 3)
[2024-03-20-11:43:34] Amblyomma-americanum_evm.model.contig-114817-1.1 x sp|Q6ZRI0|OTOG_HUMAN skipped (The size of tensor a (2925) must match the size of tensor b (2000) at non-singleton dimension 3)
[2024-03-20-11:46:27] Amblyomma-americanum_evm.model.contig-114817-1.1 x sp|Q7Z5P9|MUC19_HUMAN skipped (The size of tensor a (8384) must match the size of tensor b (2000) at non-singleton dimension 3)
[2024-03-20-12:01:13] Amblyomma-americanum_evm.model.contig-114817-1.1 x sp|Q8WZ42|TITIN_HUMAN skipped (The size of tensor a (34350) must match the size of tensor b (2000) at non-singleton dimension 3)
[2024-03-20-12:01:16] Amblyomma-americanum_evm.model.contig-114817-1.1 x sp|Q93008|USP9X_HUMAN skipped (The size of tensor a (2554) must match the size of tensor b (2000) at non-singleton dimension 3)
[2024-03-20-12:01:24] Amblyomma-americanum_evm.model.contig-114817-1.1 x sp|Q9HC84|MUC5B_HUMAN skipped (The size of tensor a (5762) must match the size of tensor b (2000) at non-singleton dimension 3)
[2024-03-20-12:01:34] Amblyomma-americanum_evm.model.contig-114817-1.1 x sp|Q9Y493|ZAN_HUMAN skipped (The size of tensor a (2812) must match the size of tensor b (2000) at non-singleton dimension 3)
[2024-03-20-12:01:38] Amblyomma-americanum_evm.model.contig-114817-1.1 x sp|Q9Y6R7|FCGBP_HUMAN skipped (The size of tensor a (5405) must match the size of tensor b (2000) at non-singleton dimension 3)
[2024-03-20-12:01:41] Amblyomma-americanum_evm.model.contig-114817-1.1 x sp|Q3ZCN5|OTOGL_HUMAN skipped (The size of tensor a (2353) must match the size of tensor b (2000) at non-singleton dimension 3)
[2024-03-20-12:01:52] Amblyomma-americanum_evm.model.contig-114817-1.1 x tr|A0A7P0TA83|A0A7P0TA83_HUMAN skipped (The size of tensor a (3465) must match the size of tensor b (2000) at non-singleton dimension 3)
[2024-03-20-12:02:00] Amblyomma-americanum_evm.model.contig-114817-1.1 x tr|J3KQ66|J3KQ66_HUMAN skipped (The size of tensor a (3469) must match the size of tensor b (2000) at non-singleton dimension 3)
[2024-03-20-12:02:09] Amblyomma-americanum_evm.model.contig-114817-1.1 x tr|A0A0G2JR65|A0A0G2JR65_HUMAN skipped (The size of tensor a (2817) must match the size of tensor b (2000) at non-singleton dimension 3)
[2024-03-20-12:02:34] Amblyomma-americanum_evm.model.contig-114817-1.1 x tr|H9KVB3|H9KVB3_HUMAN skipped (The size of tensor a (2913) must match the size of tensor b (2000) at non-singleton dimension 3)
[2024-03-20-12:02:41] Amblyomma-americanum_evm.model.contig-114817-1.1 x tr|A0A087WXI2|A0A087WXI2_HUMAN skipped (The size of tensor a (4204) must match the size of tensor b (2000) at non-singleton dimension 3)
[2024-03-20-12:02:45] Amblyomma-americanum_evm.model.contig-114817-1.1 x tr|A0A2R8YDL0|A0A2R8YDL0_HUMAN skipped (The size of tensor a (2150) must match the size of tensor b (2000) at non-singleton dimension 3)
[2024-03-20-12:02:46] Amblyomma-americanum_evm.model.contig-114817-1.1 x tr|A0A2R8YF04|A0A2R8YF04_HUMAN skipped (The size of tensor a (2308) must match the size of tensor b (2000) at non-singleton dimension 3)
[2024-03-20-12:03:14] Amblyomma-americanum_evm.model.contig-128153-1.1 x sp|A2VEC9|SSPO_HUMAN skipped (The size of tensor a (5150) must match the size of tensor b (2000) at non-singleton dimension 3)
[2024-03-20-12:03:16] Amblyomma-americanum_evm.model.contig-128153-1.1 x sp|O00468|AGRIN_HUMAN skipped (The size of tensor a (2068) must match the size of tensor b (2000) at non-singleton dimension 3)
[2024-03-20-12:03:21] Amblyomma-americanum_evm.model.contig-128153-1.1 x sp|O75443|TECTA_HUMAN skipped (The size of tensor a (2155) must match the size of tensor b (2000) at non-singleton dimension 3)
[2024-03-20-12:03:30] Amblyomma-americanum_evm.model.contig-128153-1.1 x sp|P04275|VWF_HUMAN skipped (The size of tensor a (2813) must match the size of tensor b (2000) at non-singleton dimension 3)
[2024-03-20-12:03:35] Amblyomma-americanum_evm.model.contig-128153-1.1 x sp|P08519|APOA_HUMAN skipped (The size of tensor a (2040) must match the size of tensor b (2000) at non-singleton dimension 3)
[2024-03-20-12:03:40] Amblyomma-americanum_evm.model.contig-128153-1.1 x sp|P12111|CO6A3_HUMAN skipped (The size of tensor a (3177) must match the size of tensor b (2000) at non-singleton dimension 3)
[2024-03-20-12:03:41] Amblyomma-americanum_evm.model.contig-128153-1.1 x sp|P12259|FA5_HUMAN skipped (The size of tensor a (2224) must match the size of tensor b (2000) at non-singleton dimension 3)
[2024-03-20-12:03:51] Amblyomma-americanum_evm.model.contig-128153-1.1 x sp|P42345|MTOR_HUMAN skipped (The size of tensor a (2549) must match the size of tensor b (2000) at non-singleton dimension 3)
[2024-03-20-12:03:53] Amblyomma-americanum_evm.model.contig-128153-1.1 x sp|P46531|NOTC1_HUMAN skipped (The size of tensor a (2555) must match the size of tensor b (2000) at non-singleton dimension 3)
[2024-03-20-12:04:00] Amblyomma-americanum_evm.model.contig-128153-1.1 x sp|P78509|RELN_HUMAN skipped (The size of tensor a (3460) must match the size of tensor b (2000) at non-singleton dimension 3)
[2024-03-20-12:04:04] Amblyomma-americanum_evm.model.contig-128153-1.1 x sp|P98088|MUC5A_HUMAN skipped (The size of tensor a (5654) must match the size of tensor b (2000) at non-singleton dimension 3)
[2024-03-20-12:04:06] Amblyomma-americanum_evm.model.contig-128153-1.1 x sp|Q02388|CO7A1_HUMAN skipped (The size of tensor a (2944) must match the size of tensor b (2000) at non-singleton dimension 3)
[2024-03-20-12:04:08] Amblyomma-americanum_evm.model.contig-128153-1.1 x sp|Q02817|MUC2_HUMAN skipped (The size of tensor a (5289) must match the size of tensor b (2000) at non-singleton dimension 3)
[2024-03-20-12:04:18] Amblyomma-americanum_evm.model.contig-128153-1.1 x sp|Q6W4X9|MUC6_HUMAN skipped (The size of tensor a (2439) must match the size of tensor b (2000) at non-singleton dimension 3)
[2024-03-20-12:04:20] Amblyomma-americanum_evm.model.contig-128153-1.1 x sp|Q6ZRI0|OTOG_HUMAN skipped (The size of tensor a (2925) must match the size of tensor b (2000) at non-singleton dimension 3)
[2024-03-20-12:04:24] Amblyomma-americanum_evm.model.contig-128153-1.1 x sp|Q7Z5P9|MUC19_HUMAN skipped (The size of tensor a (8384) must match the size of tensor b (2000) at non-singleton dimension 3)
[2024-03-20-12:08:24] Amblyomma-americanum_evm.model.contig-128153-1.1 x sp|Q8WZ42|TITIN_HUMAN skipped (The size of tensor a (34350) must match the size of tensor b (2000) at non-singleton dimension 3)
[2024-03-20-12:08:27] Amblyomma-americanum_evm.model.contig-128153-1.1 x sp|Q93008|USP9X_HUMAN skipped (The size of tensor a (2554) must match the size of tensor b (2000) at non-singleton dimension 3)
[2024-03-20-12:08:36] Amblyomma-americanum_evm.model.contig-128153-1.1 x sp|Q9HC84|MUC5B_HUMAN skipped (The size of tensor a (5762) must match the size of tensor b (2000) at non-singleton dimension 3)
[2024-03-20-12:08:44] Amblyomma-americanum_evm.model.contig-128153-1.1 x sp|Q9Y493|ZAN_HUMAN skipped (The size of tensor a (2812) must match the size of tensor b (2000) at non-singleton dimension 3)
[2024-03-20-12:08:48] Amblyomma-americanum_evm.model.contig-128153-1.1 x sp|Q9Y6R7|FCGBP_HUMAN skipped (The size of tensor a (5405) must match the size of tensor b (2000) at non-singleton dimension 3)
[2024-03-20-12:08:51] Amblyomma-americanum_evm.model.contig-128153-1.1 x sp|Q3ZCN5|OTOGL_HUMAN skipped (The size of tensor a (2353) must match the size of tensor b (2000) at non-singleton dimension 3)
[2024-03-20-12:09:01] Amblyomma-americanum_evm.model.contig-128153-1.1 x tr|A0A7P0TA83|A0A7P0TA83_HUMAN skipped (The size of tensor a (3465) must match the size of tensor b (2000) at non-singleton dimension 3)
[2024-03-20-12:09:08] Amblyomma-americanum_evm.model.contig-128153-1.1 x tr|J3KQ66|J3KQ66_HUMAN skipped (The size of tensor a (3469) must match the size of tensor b (2000) at non-singleton dimension 3)
[2024-03-20-12:09:17] Amblyomma-americanum_evm.model.contig-128153-1.1 x tr|A0A0G2JR65|A0A0G2JR65_HUMAN skipped (The size of tensor a (2817) must match the size of tensor b (2000) at non-singleton dimension 3)
[2024-03-20-12:09:38] Amblyomma-americanum_evm.model.contig-128153-1.1 x tr|H9KVB3|H9KVB3_HUMAN skipped (The size of tensor a (2913) must match the size of tensor b (2000) at non-singleton dimension 3)
[2024-03-20-12:09:42] Amblyomma-americanum_evm.model.contig-128153-1.1 x tr|A0A087WXI2|A0A087WXI2_HUMAN skipped (The size of tensor a (4204) must match the size of tensor b (2000) at non-singleton dimension 3)
[2024-03-20-12:09:46] Amblyomma-americanum_evm.model.contig-128153-1.1 x tr|A0A2R8YDL0|A0A2R8YDL0_HUMAN skipped (The size of tensor a (2150) must match the size of tensor b (2000) at non-singleton dimension 3)
[2024-03-20-12:09:46] Amblyomma-americanum_evm.model.contig-128153-1.1 x tr|A0A2R8YF04|A0A2R8YF04_HUMAN skipped (The size of tensor a (2308) must match the size of tensor b (2000) at non-singleton dimension 3)
[2024-03-20-12:11:12] Amblyomma-americanum_evm.model.contig-195898-1.1 x sp|A2VEC9|SSPO_HUMAN skipped (The size of tensor a (5150) must match the size of tensor b (2000) at non-singleton dimension 3)
[2024-03-20-12:11:17] Amblyomma-americanum_evm.model.contig-195898-1.1 x sp|O00468|AGRIN_HUMAN skipped (The size of tensor a (2068) must match the size of tensor b (2000) at non-singleton dimension 3)
[2024-03-20-12:11:26] Amblyomma-americanum_evm.model.contig-195898-1.1 x sp|O75443|TECTA_HUMAN skipped (The size of tensor a (2155) must match the size of tensor b (2000) at non-singleton dimension 3)
[2024-03-20-12:11:43] Amblyomma-americanum_evm.model.contig-195898-1.1 x sp|P04275|VWF_HUMAN skipped (The size of tensor a (2813) must match the size of tensor b (2000) at non-singleton dimension 3)
[2024-03-20-12:11:52] Amblyomma-americanum_evm.model.contig-195898-1.1 x sp|P08519|APOA_HUMAN skipped (The size of tensor a (2040) must match the size of tensor b (2000) at non-singleton dimension 3)
[2024-03-20-12:12:05] Amblyomma-americanum_evm.model.contig-195898-1.1 x sp|P12111|CO6A3_HUMAN skipped (The size of tensor a (3177) must match the size of tensor b (2000) at non-singleton dimension 3)
[2024-03-20-12:12:06] Amblyomma-americanum_evm.model.contig-195898-1.1 x sp|P12259|FA5_HUMAN skipped (The size of tensor a (2224) must match the size of tensor b (2000) at non-singleton dimension 3)
[2024-03-20-12:12:26] Amblyomma-americanum_evm.model.contig-195898-1.1 x sp|P42345|MTOR_HUMAN skipped (The size of tensor a (2549) must match the size of tensor b (2000) at non-singleton dimension 3)
[2024-03-20-12:12:30] Amblyomma-americanum_evm.model.contig-195898-1.1 x sp|P46531|NOTC1_HUMAN skipped (The size of tensor a (2555) must match the size of tensor b (2000) at non-singleton dimension 3)
[2024-03-20-12:12:44] Amblyomma-americanum_evm.model.contig-195898-1.1 x sp|P78509|RELN_HUMAN skipped (The size of tensor a (3460) must match the size of tensor b (2000) at non-singleton dimension 3)
[2024-03-20-12:14:00] Amblyomma-americanum_evm.model.contig-195898-1.1 x sp|P98088|MUC5A_HUMAN skipped (The size of tensor a (5654) must match the size of tensor b (2000) at non-singleton dimension 3)
[2024-03-20-12:14:04] Amblyomma-americanum_evm.model.contig-195898-1.1 x sp|Q02388|CO7A1_HUMAN skipped (The size of tensor a (2944) must match the size of tensor b (2000) at non-singleton dimension 3)
[2024-03-20-12:15:13] Amblyomma-americanum_evm.model.contig-195898-1.1 x sp|Q02817|MUC2_HUMAN skipped (The size of tensor a (5289) must match the size of tensor b (2000) at non-singleton dimension 3)
[2024-03-20-12:15:35] Amblyomma-americanum_evm.model.contig-195898-1.1 x sp|Q6W4X9|MUC6_HUMAN skipped (The size of tensor a (2439) must match the size of tensor b (2000) at non-singleton dimension 3)
[2024-03-20-12:15:39] Amblyomma-americanum_evm.model.contig-195898-1.1 x sp|Q6ZRI0|OTOG_HUMAN skipped (The size of tensor a (2925) must match the size of tensor b (2000) at non-singleton dimension 3)
[2024-03-20-12:17:29] Amblyomma-americanum_evm.model.contig-195898-1.1 x sp|Q7Z5P9|MUC19_HUMAN skipped (The size of tensor a (8384) must match the size of tensor b (2000) at non-singleton dimension 3)
[2024-03-20-12:31:30] Amblyomma-americanum_evm.model.contig-195898-1.1 x sp|Q8WZ42|TITIN_HUMAN skipped (The size of tensor a (34350) must match the size of tensor b (2000) at non-singleton dimension 3)
[2024-03-20-12:31:35] Amblyomma-americanum_evm.model.contig-195898-1.1 x sp|Q93008|USP9X_HUMAN skipped (The size of tensor a (2554) must match the size of tensor b (2000) at non-singleton dimension 3)
[2024-03-20-12:32:59] Amblyomma-americanum_evm.model.contig-195898-1.1 x sp|Q9HC84|MUC5B_HUMAN skipped (The size of tensor a (5762) must match the size of tensor b (2000) at non-singleton dimension 3)
[2024-03-20-12:33:15] Amblyomma-americanum_evm.model.contig-195898-1.1 x sp|Q9Y493|ZAN_HUMAN skipped (The size of tensor a (2812) must match the size of tensor b (2000) at non-singleton dimension 3)
[2024-03-20-12:34:27] Amblyomma-americanum_evm.model.contig-195898-1.1 x sp|Q9Y6R7|FCGBP_HUMAN skipped (The size of tensor a (5405) must match the size of tensor b (2000) at non-singleton dimension 3)
[2024-03-20-12:34:31] Amblyomma-americanum_evm.model.contig-195898-1.1 x sp|Q3ZCN5|OTOGL_HUMAN skipped (The size of tensor a (2353) must match the size of tensor b (2000) at non-singleton dimension 3)
[2024-03-20-12:34:49] Amblyomma-americanum_evm.model.contig-195898-1.1 x tr|A0A7P0TA83|A0A7P0TA83_HUMAN skipped (The size of tensor a (3465) must match the size of tensor b (2000) at non-singleton dimension 3)
[2024-03-20-12:35:01] Amblyomma-americanum_evm.model.contig-195898-1.1 x tr|J3KQ66|J3KQ66_HUMAN skipped (The size of tensor a (3469) must match the size of tensor b (2000) at non-singleton dimension 3)
[2024-03-20-12:35:16] Amblyomma-americanum_evm.model.contig-195898-1.1 x tr|A0A0G2JR65|A0A0G2JR65_HUMAN skipped (The size of tensor a (2817) must match the size of tensor b (2000) at non-singleton dimension 3)
[2024-03-20-12:35:56] Amblyomma-americanum_evm.model.contig-195898-1.1 x tr|H9KVB3|H9KVB3_HUMAN skipped (The size of tensor a (2913) must match the size of tensor b (2000) at non-singleton dimension 3)
[2024-03-20-12:36:06] Amblyomma-americanum_evm.model.contig-195898-1.1 x tr|A0A087WXI2|A0A087WXI2_HUMAN skipped (The size of tensor a (4204) must match the size of tensor b (2000) at non-singleton dimension 3)
[2024-03-20-12:36:13] Amblyomma-americanum_evm.model.contig-195898-1.1 x tr|A0A2R8YDL0|A0A2R8YDL0_HUMAN skipped (The size of tensor a (2150) must match the size of tensor b (2000) at non-singleton dimension 3)
[2024-03-20-12:36:14] Amblyomma-americanum_evm.model.contig-195898-1.1 x tr|A0A2R8YF04|A0A2R8YF04_HUMAN skipped (The size of tensor a (2308) must match the size of tensor b (2000) at non-singleton dimension 3)
[2024-03-20-12:36:58] Amblyomma-americanum_evm.model.contig-234199-1.1 x sp|A2VEC9|SSPO_HUMAN skipped (The size of tensor a (5150) must match the size of tensor b (2000) at non-singleton dimension 3)
[2024-03-20-12:37:00] Amblyomma-americanum_evm.model.contig-234199-1.1 x sp|O00468|AGRIN_HUMAN skipped (The size of tensor a (2068) must match the size of tensor b (2000) at non-singleton dimension 3)
[2024-03-20-12:37:05] Amblyomma-americanum_evm.model.contig-234199-1.1 x sp|O75443|TECTA_HUMAN skipped (The size of tensor a (2155) must match the size of tensor b (2000) at non-singleton dimension 3)
[2024-03-20-12:37:13] Amblyomma-americanum_evm.model.contig-234199-1.1 x sp|P04275|VWF_HUMAN skipped (The size of tensor a (2813) must match the size of tensor b (2000) at non-singleton dimension 3)
[2024-03-20-12:37:17] Amblyomma-americanum_evm.model.contig-234199-1.1 x sp|P08519|APOA_HUMAN skipped (The size of tensor a (2040) must match the size of tensor b (2000) at non-singleton dimension 3)
[2024-03-20-12:37:20] Amblyomma-americanum_evm.model.contig-234199-1.1 x sp|P12111|CO6A3_HUMAN skipped (The size of tensor a (3177) must match the size of tensor b (2000) at non-singleton dimension 3)
[2024-03-20-12:37:21] Amblyomma-americanum_evm.model.contig-234199-1.1 x sp|P12259|FA5_HUMAN skipped (The size of tensor a (2224) must match the size of tensor b (2000) at non-singleton dimension 3)
[2024-03-20-12:37:28] Amblyomma-americanum_evm.model.contig-234199-1.1 x sp|P42345|MTOR_HUMAN skipped (The size of tensor a (2549) must match the size of tensor b (2000) at non-singleton dimension 3)
[2024-03-20-12:37:29] Amblyomma-americanum_evm.model.contig-234199-1.1 x sp|P46531|NOTC1_HUMAN skipped (The size of tensor a (2555) must match the size of tensor b (2000) at non-singleton dimension 3)
[2024-03-20-12:37:34] Amblyomma-americanum_evm.model.contig-234199-1.1 x sp|P78509|RELN_HUMAN skipped (The size of tensor a (3460) must match the size of tensor b (2000) at non-singleton dimension 3)
[2024-03-20-12:37:37] Amblyomma-americanum_evm.model.contig-234199-1.1 x sp|P98088|MUC5A_HUMAN skipped (The size of tensor a (5654) must match the size of tensor b (2000) at non-singleton dimension 3)
[2024-03-20-12:37:38] Amblyomma-americanum_evm.model.contig-234199-1.1 x sp|Q02388|CO7A1_HUMAN skipped (The size of tensor a (2944) must match the size of tensor b (2000) at non-singleton dimension 3)
[2024-03-20-12:37:39] Amblyomma-americanum_evm.model.contig-234199-1.1 x sp|Q02817|MUC2_HUMAN skipped (The size of tensor a (5289) must match the size of tensor b (2000) at non-singleton dimension 3)
[2024-03-20-12:37:47] Amblyomma-americanum_evm.model.contig-234199-1.1 x sp|Q6W4X9|MUC6_HUMAN skipped (The size of tensor a (2439) must match the size of tensor b (2000) at non-singleton dimension 3)
[2024-03-20-12:37:48] Amblyomma-americanum_evm.model.contig-234199-1.1 x sp|Q6ZRI0|OTOG_HUMAN skipped (The size of tensor a (2925) must match the size of tensor b (2000) at non-singleton dimension 3)
[2024-03-20-12:37:51] Amblyomma-americanum_evm.model.contig-234199-1.1 x sp|Q7Z5P9|MUC19_HUMAN skipped (The size of tensor a (8384) must match the size of tensor b (2000) at non-singleton dimension 3)
[2024-03-20-12:40:23] Amblyomma-americanum_evm.model.contig-234199-1.1 x sp|Q8WZ42|TITIN_HUMAN skipped (The size of tensor a (34350) must match the size of tensor b (2000) at non-singleton dimension 3)
[2024-03-20-12:40:25] Amblyomma-americanum_evm.model.contig-234199-1.1 x sp|Q93008|USP9X_HUMAN skipped (The size of tensor a (2554) must match the size of tensor b (2000) at non-singleton dimension 3)
[2024-03-20-12:40:31] Amblyomma-americanum_evm.model.contig-234199-1.1 x sp|Q9HC84|MUC5B_HUMAN skipped (The size of tensor a (5762) must match the size of tensor b (2000) at non-singleton dimension 3)
[2024-03-20-12:40:37] Amblyomma-americanum_evm.model.contig-234199-1.1 x sp|Q9Y493|ZAN_HUMAN skipped (The size of tensor a (2812) must match the size of tensor b (2000) at non-singleton dimension 3)
[2024-03-20-12:40:40] Amblyomma-americanum_evm.model.contig-234199-1.1 x sp|Q9Y6R7|FCGBP_HUMAN skipped (The size of tensor a (5405) must match the size of tensor b (2000) at non-singleton dimension 3)
[2024-03-20-12:40:41] Amblyomma-americanum_evm.model.contig-234199-1.1 x sp|Q3ZCN5|OTOGL_HUMAN skipped (The size of tensor a (2353) must match the size of tensor b (2000) at non-singleton dimension 3)
[2024-03-20-12:40:47] Amblyomma-americanum_evm.model.contig-234199-1.1 x tr|A0A7P0TA83|A0A7P0TA83_HUMAN skipped (The size of tensor a (3465) must match the size of tensor b (2000) at non-singleton dimension 3)
[2024-03-20-12:40:51] Amblyomma-americanum_evm.model.contig-234199-1.1 x tr|J3KQ66|J3KQ66_HUMAN skipped (The size of tensor a (3469) must match the size of tensor b (2000) at non-singleton dimension 3)
[2024-03-20-12:40:56] Amblyomma-americanum_evm.model.contig-234199-1.1 x tr|A0A0G2JR65|A0A0G2JR65_HUMAN skipped (The size of tensor a (2817) must match the size of tensor b (2000) at non-singleton dimension 3)
[2024-03-20-12:41:10] Amblyomma-americanum_evm.model.contig-234199-1.1 x tr|H9KVB3|H9KVB3_HUMAN skipped (The size of tensor a (2913) must match the size of tensor b (2000) at non-singleton dimension 3)
[2024-03-20-12:41:13] Amblyomma-americanum_evm.model.contig-234199-1.1 x tr|A0A087WXI2|A0A087WXI2_HUMAN skipped (The size of tensor a (4204) must match the size of tensor b (2000) at non-singleton dimension 3)
[2024-03-20-12:41:15] Amblyomma-americanum_evm.model.contig-234199-1.1 x tr|A0A2R8YDL0|A0A2R8YDL0_HUMAN skipped (The size of tensor a (2150) must match the size of tensor b (2000) at non-singleton dimension 3)
[2024-03-20-12:41:16] Amblyomma-americanum_evm.model.contig-234199-1.1 x tr|A0A2R8YF04|A0A2R8YF04_HUMAN skipped (The size of tensor a (2308) must match the size of tensor b (2000) at non-singleton dimension 3)
[2024-03-20-12:41:32] Amblyomma-americanum_evm.model.contig-240510-1.2 x sp|A2VEC9|SSPO_HUMAN skipped (The size of tensor a (5150) must match the size of tensor b (2000) at non-singleton dimension 3)
[2024-03-20-12:41:34] Amblyomma-americanum_evm.model.contig-240510-1.2 x sp|O00468|AGRIN_HUMAN skipped (The size of tensor a (2068) must match the size of tensor b (2000) at non-singleton dimension 3)
[2024-03-20-12:41:39] Amblyomma-americanum_evm.model.contig-240510-1.2 x sp|O75443|TECTA_HUMAN skipped (The size of tensor a (2155) must match the size of tensor b (2000) at non-singleton dimension 3)
[2024-03-20-12:41:48] Amblyomma-americanum_evm.model.contig-240510-1.2 x sp|P04275|VWF_HUMAN skipped (The size of tensor a (2813) must match the size of tensor b (2000) at non-singleton dimension 3)
[2024-03-20-12:41:53] Amblyomma-americanum_evm.model.contig-240510-1.2 x sp|P08519|APOA_HUMAN skipped (The size of tensor a (2040) must match the size of tensor b (2000) at non-singleton dimension 3)
[2024-03-20-12:41:59] Amblyomma-americanum_evm.model.contig-240510-1.2 x sp|P12111|CO6A3_HUMAN skipped (The size of tensor a (3177) must match the size of tensor b (2000) at non-singleton dimension 3)
[2024-03-20-12:41:59] Amblyomma-americanum_evm.model.contig-240510-1.2 x sp|P12259|FA5_HUMAN skipped (The size of tensor a (2224) must match the size of tensor b (2000) at non-singleton dimension 3)
[2024-03-20-12:42:10] Amblyomma-americanum_evm.model.contig-240510-1.2 x sp|P42345|MTOR_HUMAN skipped (The size of tensor a (2549) must match the size of tensor b (2000) at non-singleton dimension 3)
[2024-03-20-12:42:11] Amblyomma-americanum_evm.model.contig-240510-1.2 x sp|P46531|NOTC1_HUMAN skipped (The size of tensor a (2555) must match the size of tensor b (2000) at non-singleton dimension 3)
[2024-03-20-12:42:19] Amblyomma-americanum_evm.model.contig-240510-1.2 x sp|P78509|RELN_HUMAN skipped (The size of tensor a (3460) must match the size of tensor b (2000) at non-singleton dimension 3)
[2024-03-20-12:42:22] Amblyomma-americanum_evm.model.contig-240510-1.2 x sp|P98088|MUC5A_HUMAN skipped (The size of tensor a (5654) must match the size of tensor b (2000) at non-singleton dimension 3)
[2024-03-20-12:42:24] Amblyomma-americanum_evm.model.contig-240510-1.2 x sp|Q02388|CO7A1_HUMAN skipped (The size of tensor a (2944) must match the size of tensor b (2000) at non-singleton dimension 3)
[2024-03-20-12:42:26] Amblyomma-americanum_evm.model.contig-240510-1.2 x sp|Q02817|MUC2_HUMAN skipped (The size of tensor a (5289) must match the size of tensor b (2000) at non-singleton dimension 3)
[2024-03-20-12:42:37] Amblyomma-americanum_evm.model.contig-240510-1.2 x sp|Q6W4X9|MUC6_HUMAN skipped (The size of tensor a (2439) must match the size of tensor b (2000) at non-singleton dimension 3)
[2024-03-20-12:42:38] Amblyomma-americanum_evm.model.contig-240510-1.2 x sp|Q6ZRI0|OTOG_HUMAN skipped (The size of tensor a (2925) must match the size of tensor b (2000) at non-singleton dimension 3)
[2024-03-20-12:42:44] Amblyomma-americanum_evm.model.contig-240510-1.2 x sp|Q7Z5P9|MUC19_HUMAN skipped (The size of tensor a (8384) must match the size of tensor b (2000) at non-singleton dimension 3)
[2024-03-20-12:46:45] Amblyomma-americanum_evm.model.contig-240510-1.2 x sp|Q8WZ42|TITIN_HUMAN skipped (The size of tensor a (34350) must match the size of tensor b (2000) at non-singleton dimension 3)
[2024-03-20-12:46:48] Amblyomma-americanum_evm.model.contig-240510-1.2 x sp|Q93008|USP9X_HUMAN skipped (The size of tensor a (2554) must match the size of tensor b (2000) at non-singleton dimension 3)
[2024-03-20-12:46:57] Amblyomma-americanum_evm.model.contig-240510-1.2 x sp|Q9HC84|MUC5B_HUMAN skipped (The size of tensor a (5762) must match the size of tensor b (2000) at non-singleton dimension 3)
[2024-03-20-12:47:06] Amblyomma-americanum_evm.model.contig-240510-1.2 x sp|Q9Y493|ZAN_HUMAN skipped (The size of tensor a (2812) must match the size of tensor b (2000) at non-singleton dimension 3)
[2024-03-20-12:47:10] Amblyomma-americanum_evm.model.contig-240510-1.2 x sp|Q9Y6R7|FCGBP_HUMAN skipped (The size of tensor a (5405) must match the size of tensor b (2000) at non-singleton dimension 3)
[2024-03-20-12:47:12] Amblyomma-americanum_evm.model.contig-240510-1.2 x sp|Q3ZCN5|OTOGL_HUMAN skipped (The size of tensor a (2353) must match the size of tensor b (2000) at non-singleton dimension 3)
[2024-03-20-12:47:22] Amblyomma-americanum_evm.model.contig-240510-1.2 x tr|A0A7P0TA83|A0A7P0TA83_HUMAN skipped (The size of tensor a (3465) must match the size of tensor b (2000) at non-singleton dimension 3)
[2024-03-20-12:47:27] Amblyomma-americanum_evm.model.contig-240510-1.2 x tr|J3KQ66|J3KQ66_HUMAN skipped (The size of tensor a (3469) must match the size of tensor b (2000) at non-singleton dimension 3)
[2024-03-20-12:47:35] Amblyomma-americanum_evm.model.contig-240510-1.2 x tr|A0A0G2JR65|A0A0G2JR65_HUMAN skipped (The size of tensor a (2817) must match the size of tensor b (2000) at non-singleton dimension 3)
[2024-03-20-12:47:54] Amblyomma-americanum_evm.model.contig-240510-1.2 x tr|H9KVB3|H9KVB3_HUMAN skipped (The size of tensor a (2913) must match the size of tensor b (2000) at non-singleton dimension 3)
[2024-03-20-12:47:59] Amblyomma-americanum_evm.model.contig-240510-1.2 x tr|A0A087WXI2|A0A087WXI2_HUMAN skipped (The size of tensor a (4204) must match the size of tensor b (2000) at non-singleton dimension 3)
[2024-03-20-12:48:02] Amblyomma-americanum_evm.model.contig-240510-1.2 x tr|A0A2R8YDL0|A0A2R8YDL0_HUMAN skipped (The size of tensor a (2150) must match the size of tensor b (2000) at non-singleton dimension 3)
[2024-03-20-12:48:03] Amblyomma-americanum_evm.model.contig-240510-1.2 x tr|A0A2R8YF04|A0A2R8YF04_HUMAN skipped (The size of tensor a (2308) must match the size of tensor b (2000) at non-singleton dimension 3)
[2024-03-20-12:48:25] Amblyomma-americanum_evm.model.contig-30844-1.1 x sp|A2VEC9|SSPO_HUMAN skipped (The size of tensor a (5150) must match the size of tensor b (2000) at non-singleton dimension 3)
[2024-03-20-12:48:27] Amblyomma-americanum_evm.model.contig-30844-1.1 x sp|O00468|AGRIN_HUMAN skipped (The size of tensor a (2068) must match the size of tensor b (2000) at non-singleton dimension 3)
[2024-03-20-12:48:32] Amblyomma-americanum_evm.model.contig-30844-1.1 x sp|O75443|TECTA_HUMAN skipped (The size of tensor a (2155) must match the size of tensor b (2000) at non-singleton dimension 3)
[2024-03-20-12:48:41] Amblyomma-americanum_evm.model.contig-30844-1.1 x sp|P04275|VWF_HUMAN skipped (The size of tensor a (2813) must match the size of tensor b (2000) at non-singleton dimension 3)
[2024-03-20-12:48:46] Amblyomma-americanum_evm.model.contig-30844-1.1 x sp|P08519|APOA_HUMAN skipped (The size of tensor a (2040) must match the size of tensor b (2000) at non-singleton dimension 3)
[2024-03-20-12:48:51] Amblyomma-americanum_evm.model.contig-30844-1.1 x sp|P12111|CO6A3_HUMAN skipped (The size of tensor a (3177) must match the size of tensor b (2000) at non-singleton dimension 3)
[2024-03-20-12:48:51] Amblyomma-americanum_evm.model.contig-30844-1.1 x sp|P12259|FA5_HUMAN skipped (The size of tensor a (2224) must match the size of tensor b (2000) at non-singleton dimension 3)
[2024-03-20-12:49:01] Amblyomma-americanum_evm.model.contig-30844-1.1 x sp|P42345|MTOR_HUMAN skipped (The size of tensor a (2549) must match the size of tensor b (2000) at non-singleton dimension 3)
[2024-03-20-12:49:03] Amblyomma-americanum_evm.model.contig-30844-1.1 x sp|P46531|NOTC1_HUMAN skipped (The size of tensor a (2555) must match the size of tensor b (2000) at non-singleton dimension 3)
[2024-03-20-12:49:10] Amblyomma-americanum_evm.model.contig-30844-1.1 x sp|P78509|RELN_HUMAN skipped (The size of tensor a (3460) must match the size of tensor b (2000) at non-singleton dimension 3)
[2024-03-20-12:49:13] Amblyomma-americanum_evm.model.contig-30844-1.1 x sp|P98088|MUC5A_HUMAN skipped (The size of tensor a (5654) must match the size of tensor b (2000) at non-singleton dimension 3)
[2024-03-20-12:49:15] Amblyomma-americanum_evm.model.contig-30844-1.1 x sp|Q02388|CO7A1_HUMAN skipped (The size of tensor a (2944) must match the size of tensor b (2000) at non-singleton dimension 3)
[2024-03-20-12:49:16] Amblyomma-americanum_evm.model.contig-30844-1.1 x sp|Q02817|MUC2_HUMAN skipped (The size of tensor a (5289) must match the size of tensor b (2000) at non-singleton dimension 3)
[2024-03-20-12:49:27] Amblyomma-americanum_evm.model.contig-30844-1.1 x sp|Q6W4X9|MUC6_HUMAN skipped (The size of tensor a (2439) must match the size of tensor b (2000) at non-singleton dimension 3)
[2024-03-20-12:49:28] Amblyomma-americanum_evm.model.contig-30844-1.1 x sp|Q6ZRI0|OTOG_HUMAN skipped (The size of tensor a (2925) must match the size of tensor b (2000) at non-singleton dimension 3)
[2024-03-20-12:49:33] Amblyomma-americanum_evm.model.contig-30844-1.1 x sp|Q7Z5P9|MUC19_HUMAN skipped (The size of tensor a (8384) must match the size of tensor b (2000) at non-singleton dimension 3)
[2024-03-20-12:53:18] Amblyomma-americanum_evm.model.contig-30844-1.1 x sp|Q8WZ42|TITIN_HUMAN skipped (The size of tensor a (34350) must match the size of tensor b (2000) at non-singleton dimension 3)
[2024-03-20-12:53:21] Amblyomma-americanum_evm.model.contig-30844-1.1 x sp|Q93008|USP9X_HUMAN skipped (The size of tensor a (2554) must match the size of tensor b (2000) at non-singleton dimension 3)
[2024-03-20-12:53:29] Amblyomma-americanum_evm.model.contig-30844-1.1 x sp|Q9HC84|MUC5B_HUMAN skipped (The size of tensor a (5762) must match the size of tensor b (2000) at non-singleton dimension 3)
[2024-03-20-12:53:37] Amblyomma-americanum_evm.model.contig-30844-1.1 x sp|Q9Y493|ZAN_HUMAN skipped (The size of tensor a (2812) must match the size of tensor b (2000) at non-singleton dimension 3)
[2024-03-20-12:53:41] Amblyomma-americanum_evm.model.contig-30844-1.1 x sp|Q9Y6R7|FCGBP_HUMAN skipped (The size of tensor a (5405) must match the size of tensor b (2000) at non-singleton dimension 3)
[2024-03-20-12:53:43] Amblyomma-americanum_evm.model.contig-30844-1.1 x sp|Q3ZCN5|OTOGL_HUMAN skipped (The size of tensor a (2353) must match the size of tensor b (2000) at non-singleton dimension 3)
[2024-03-20-12:53:51] Amblyomma-americanum_evm.model.contig-30844-1.1 x tr|A0A7P0TA83|A0A7P0TA83_HUMAN skipped (The size of tensor a (3465) must match the size of tensor b (2000) at non-singleton dimension 3)
[2024-03-20-12:53:57] Amblyomma-americanum_evm.model.contig-30844-1.1 x tr|J3KQ66|J3KQ66_HUMAN skipped (The size of tensor a (3469) must match the size of tensor b (2000) at non-singleton dimension 3)
[2024-03-20-12:54:04] Amblyomma-americanum_evm.model.contig-30844-1.1 x tr|A0A0G2JR65|A0A0G2JR65_HUMAN skipped (The size of tensor a (2817) must match the size of tensor b (2000) at non-singleton dimension 3)
[2024-03-20-12:54:22] Amblyomma-americanum_evm.model.contig-30844-1.1 x tr|H9KVB3|H9KVB3_HUMAN skipped (The size of tensor a (2913) must match the size of tensor b (2000) at non-singleton dimension 3)
[2024-03-20-12:54:27] Amblyomma-americanum_evm.model.contig-30844-1.1 x tr|A0A087WXI2|A0A087WXI2_HUMAN skipped (The size of tensor a (4204) must match the size of tensor b (2000) at non-singleton dimension 3)
[2024-03-20-12:54:30] Amblyomma-americanum_evm.model.contig-30844-1.1 x tr|A0A2R8YDL0|A0A2R8YDL0_HUMAN skipped (The size of tensor a (2150) must match the size of tensor b (2000) at non-singleton dimension 3)
[2024-03-20-12:54:31] Amblyomma-americanum_evm.model.contig-30844-1.1 x tr|A0A2R8YF04|A0A2R8YF04_HUMAN skipped (The size of tensor a (2308) must match the size of tensor b (2000) at non-singleton dimension 3)
[2024-03-20-12:56:07] Amblyomma-americanum_evm.model.contig-30987-1.8 x sp|A2VEC9|SSPO_HUMAN skipped (The size of tensor a (5150) must match the size of tensor b (2000) at non-singleton dimension 3)
[2024-03-20-12:56:13] Amblyomma-americanum_evm.model.contig-30987-1.8 x sp|O00468|AGRIN_HUMAN skipped (The size of tensor a (2068) must match the size of tensor b (2000) at non-singleton dimension 3)
[2024-03-20-12:56:24] Amblyomma-americanum_evm.model.contig-30987-1.8 x sp|O75443|TECTA_HUMAN skipped (The size of tensor a (2155) must match the size of tensor b (2000) at non-singleton dimension 3)
[2024-03-20-12:56:44] Amblyomma-americanum_evm.model.contig-30987-1.8 x sp|P04275|VWF_HUMAN skipped (The size of tensor a (2813) must match the size of tensor b (2000) at non-singleton dimension 3)
[2024-03-20-12:56:56] Amblyomma-americanum_evm.model.contig-30987-1.8 x sp|P08519|APOA_HUMAN skipped (The size of tensor a (2040) must match the size of tensor b (2000) at non-singleton dimension 3)
[2024-03-20-12:57:08] Amblyomma-americanum_evm.model.contig-30987-1.8 x sp|P12111|CO6A3_HUMAN skipped (The size of tensor a (3177) must match the size of tensor b (2000) at non-singleton dimension 3)
[2024-03-20-12:57:10] Amblyomma-americanum_evm.model.contig-30987-1.8 x sp|P12259|FA5_HUMAN skipped (The size of tensor a (2224) must match the size of tensor b (2000) at non-singleton dimension 3)
[2024-03-20-12:57:33] Amblyomma-americanum_evm.model.contig-30987-1.8 x sp|P42345|MTOR_HUMAN skipped (The size of tensor a (2549) must match the size of tensor b (2000) at non-singleton dimension 3)
[2024-03-20-12:57:37] Amblyomma-americanum_evm.model.contig-30987-1.8 x sp|P46531|NOTC1_HUMAN skipped (The size of tensor a (2555) must match the size of tensor b (2000) at non-singleton dimension 3)
[2024-03-20-12:57:53] Amblyomma-americanum_evm.model.contig-30987-1.8 x sp|P78509|RELN_HUMAN skipped (The size of tensor a (3460) must match the size of tensor b (2000) at non-singleton dimension 3)
[2024-03-20-12:59:23] Amblyomma-americanum_evm.model.contig-30987-1.8 x sp|P98088|MUC5A_HUMAN skipped (The size of tensor a (5654) must match the size of tensor b (2000) at non-singleton dimension 3)
[2024-03-20-12:59:28] Amblyomma-americanum_evm.model.contig-30987-1.8 x sp|Q02388|CO7A1_HUMAN skipped (The size of tensor a (2944) must match the size of tensor b (2000) at non-singleton dimension 3)
[2024-03-20-13:00:49] Amblyomma-americanum_evm.model.contig-30987-1.8 x sp|Q02817|MUC2_HUMAN skipped (The size of tensor a (5289) must match the size of tensor b (2000) at non-singleton dimension 3)
[2024-03-20-13:01:15] Amblyomma-americanum_evm.model.contig-30987-1.8 x sp|Q6W4X9|MUC6_HUMAN skipped (The size of tensor a (2439) must match the size of tensor b (2000) at non-singleton dimension 3)
[2024-03-20-13:01:19] Amblyomma-americanum_evm.model.contig-30987-1.8 x sp|Q6ZRI0|OTOG_HUMAN skipped (The size of tensor a (2925) must match the size of tensor b (2000) at non-singleton dimension 3)
[2024-03-20-13:03:29] Amblyomma-americanum_evm.model.contig-30987-1.8 x sp|Q7Z5P9|MUC19_HUMAN skipped (The size of tensor a (8384) must match the size of tensor b (2000) at non-singleton dimension 3)
[2024-03-20-13:18:56] Amblyomma-americanum_evm.model.contig-30987-1.8 x sp|Q8WZ42|TITIN_HUMAN skipped (The size of tensor a (34350) must match the size of tensor b (2000) at non-singleton dimension 3)
[2024-03-20-13:19:02] Amblyomma-americanum_evm.model.contig-30987-1.8 x sp|Q93008|USP9X_HUMAN skipped (The size of tensor a (2554) must match the size of tensor b (2000) at non-singleton dimension 3)
[2024-03-20-13:20:41] Amblyomma-americanum_evm.model.contig-30987-1.8 x sp|Q9HC84|MUC5B_HUMAN skipped (The size of tensor a (5762) must match the size of tensor b (2000) at non-singleton dimension 3)
[2024-03-20-13:20:59] Amblyomma-americanum_evm.model.contig-30987-1.8 x sp|Q9Y493|ZAN_HUMAN skipped (The size of tensor a (2812) must match the size of tensor b (2000) at non-singleton dimension 3)
[2024-03-20-13:22:24] Amblyomma-americanum_evm.model.contig-30987-1.8 x sp|Q9Y6R7|FCGBP_HUMAN skipped (The size of tensor a (5405) must match the size of tensor b (2000) at non-singleton dimension 3)
[2024-03-20-13:22:29] Amblyomma-americanum_evm.model.contig-30987-1.8 x sp|Q3ZCN5|OTOGL_HUMAN skipped (The size of tensor a (2353) must match the size of tensor b (2000) at non-singleton dimension 3)
[2024-03-20-13:22:50] Amblyomma-americanum_evm.model.contig-30987-1.8 x tr|A0A7P0TA83|A0A7P0TA83_HUMAN skipped (The size of tensor a (3465) must match the size of tensor b (2000) at non-singleton dimension 3)
[2024-03-20-13:23:04] Amblyomma-americanum_evm.model.contig-30987-1.8 x tr|J3KQ66|J3KQ66_HUMAN skipped (The size of tensor a (3469) must match the size of tensor b (2000) at non-singleton dimension 3)
[2024-03-20-13:23:21] Amblyomma-americanum_evm.model.contig-30987-1.8 x tr|A0A0G2JR65|A0A0G2JR65_HUMAN skipped (The size of tensor a (2817) must match the size of tensor b (2000) at non-singleton dimension 3)
[2024-03-20-13:24:07] Amblyomma-americanum_evm.model.contig-30987-1.8 x tr|H9KVB3|H9KVB3_HUMAN skipped (The size of tensor a (2913) must match the size of tensor b (2000) at non-singleton dimension 3)
[2024-03-20-13:25:18] Amblyomma-americanum_evm.model.contig-30987-1.8 x tr|A0A087WXI2|A0A087WXI2_HUMAN skipped (The size of tensor a (4204) must match the size of tensor b (2000) at non-singleton dimension 3)
[2024-03-20-13:25:26] Amblyomma-americanum_evm.model.contig-30987-1.8 x tr|A0A2R8YDL0|A0A2R8YDL0_HUMAN skipped (The size of tensor a (2150) must match the size of tensor b (2000) at non-singleton dimension 3)
[2024-03-20-13:25:28] Amblyomma-americanum_evm.model.contig-30987-1.8 x tr|A0A2R8YF04|A0A2R8YF04_HUMAN skipped (The size of tensor a (2308) must match the size of tensor b (2000) at non-singleton dimension 3)
[2024-03-20-13:26:18] Amblyomma-americanum_evm.model.contig-48378-1.17 x sp|A2VEC9|SSPO_HUMAN skipped (The size of tensor a (5150) must match the size of tensor b (2000) at non-singleton dimension 3)
[2024-03-20-13:26:22] Amblyomma-americanum_evm.model.contig-48378-1.17 x sp|O00468|AGRIN_HUMAN skipped (The size of tensor a (2068) must match the size of tensor b (2000) at non-singleton dimension 3)
[2024-03-20-13:26:30] Amblyomma-americanum_evm.model.contig-48378-1.17 x sp|O75443|TECTA_HUMAN skipped (The size of tensor a (2155) must match the size of tensor b (2000) at non-singleton dimension 3)
[2024-03-20-13:26:45] Amblyomma-americanum_evm.model.contig-48378-1.17 x sp|P04275|VWF_HUMAN skipped (The size of tensor a (2813) must match the size of tensor b (2000) at non-singleton dimension 3)
[2024-03-20-13:26:53] Amblyomma-americanum_evm.model.contig-48378-1.17 x sp|P08519|APOA_HUMAN skipped (The size of tensor a (2040) must match the size of tensor b (2000) at non-singleton dimension 3)
[2024-03-20-13:27:02] Amblyomma-americanum_evm.model.contig-48378-1.17 x sp|P12111|CO6A3_HUMAN skipped (The size of tensor a (3177) must match the size of tensor b (2000) at non-singleton dimension 3)
[2024-03-20-13:27:03] Amblyomma-americanum_evm.model.contig-48378-1.17 x sp|P12259|FA5_HUMAN skipped (The size of tensor a (2224) must match the size of tensor b (2000) at non-singleton dimension 3)
[2024-03-20-13:27:19] Amblyomma-americanum_evm.model.contig-48378-1.17 x sp|P42345|MTOR_HUMAN skipped (The size of tensor a (2549) must match the size of tensor b (2000) at non-singleton dimension 3)
[2024-03-20-13:27:22] Amblyomma-americanum_evm.model.contig-48378-1.17 x sp|P46531|NOTC1_HUMAN skipped (The size of tensor a (2555) must match the size of tensor b (2000) at non-singleton dimension 3)
[2024-03-20-13:27:34] Amblyomma-americanum_evm.model.contig-48378-1.17 x sp|P78509|RELN_HUMAN skipped (The size of tensor a (3460) must match the size of tensor b (2000) at non-singleton dimension 3)
[2024-03-20-13:27:39] Amblyomma-americanum_evm.model.contig-48378-1.17 x sp|P98088|MUC5A_HUMAN skipped (The size of tensor a (5654) must match the size of tensor b (2000) at non-singleton dimension 3)
[2024-03-20-13:27:42] Amblyomma-americanum_evm.model.contig-48378-1.17 x sp|Q02388|CO7A1_HUMAN skipped (The size of tensor a (2944) must match the size of tensor b (2000) at non-singleton dimension 3)
[2024-03-20-13:27:45] Amblyomma-americanum_evm.model.contig-48378-1.17 x sp|Q02817|MUC2_HUMAN skipped (The size of tensor a (5289) must match the size of tensor b (2000) at non-singleton dimension 3)
[2024-03-20-13:28:03] Amblyomma-americanum_evm.model.contig-48378-1.17 x sp|Q6W4X9|MUC6_HUMAN skipped (The size of tensor a (2439) must match the size of tensor b (2000) at non-singleton dimension 3)
[2024-03-20-13:28:06] Amblyomma-americanum_evm.model.contig-48378-1.17 x sp|Q6ZRI0|OTOG_HUMAN skipped (The size of tensor a (2925) must match the size of tensor b (2000) at non-singleton dimension 3)
[2024-03-20-13:29:26] Amblyomma-americanum_evm.model.contig-48378-1.17 x sp|Q7Z5P9|MUC19_HUMAN skipped (The size of tensor a (8384) must match the size of tensor b (2000) at non-singleton dimension 3)
[2024-03-20-13:36:35] Amblyomma-americanum_evm.model.contig-48378-1.17 x sp|Q8WZ42|TITIN_HUMAN skipped (The size of tensor a (34350) must match the size of tensor b (2000) at non-singleton dimension 3)
[2024-03-20-13:36:39] Amblyomma-americanum_evm.model.contig-48378-1.17 x sp|Q93008|USP9X_HUMAN skipped (The size of tensor a (2554) must match the size of tensor b (2000) at non-singleton dimension 3)
[2024-03-20-13:36:50] Amblyomma-americanum_evm.model.contig-48378-1.17 x sp|Q9HC84|MUC5B_HUMAN skipped (The size of tensor a (5762) must match the size of tensor b (2000) at non-singleton dimension 3)
[2024-03-20-13:37:01] Amblyomma-americanum_evm.model.contig-48378-1.17 x sp|Q9Y493|ZAN_HUMAN skipped (The size of tensor a (2812) must match the size of tensor b (2000) at non-singleton dimension 3)
[2024-03-20-13:37:06] Amblyomma-americanum_evm.model.contig-48378-1.17 x sp|Q9Y6R7|FCGBP_HUMAN skipped (The size of tensor a (5405) must match the size of tensor b (2000) at non-singleton dimension 3)
[2024-03-20-13:37:09] Amblyomma-americanum_evm.model.contig-48378-1.17 x sp|Q3ZCN5|OTOGL_HUMAN skipped (The size of tensor a (2353) must match the size of tensor b (2000) at non-singleton dimension 3)
[2024-03-20-13:37:23] Amblyomma-americanum_evm.model.contig-48378-1.17 x tr|A0A7P0TA83|A0A7P0TA83_HUMAN skipped (The size of tensor a (3465) must match the size of tensor b (2000) at non-singleton dimension 3)
[2024-03-20-13:37:32] Amblyomma-americanum_evm.model.contig-48378-1.17 x tr|J3KQ66|J3KQ66_HUMAN skipped (The size of tensor a (3469) must match the size of tensor b (2000) at non-singleton dimension 3)
[2024-03-20-13:37:43] Amblyomma-americanum_evm.model.contig-48378-1.17 x tr|A0A0G2JR65|A0A0G2JR65_HUMAN skipped (The size of tensor a (2817) must match the size of tensor b (2000) at non-singleton dimension 3)
[2024-03-20-13:38:14] Amblyomma-americanum_evm.model.contig-48378-1.17 x tr|H9KVB3|H9KVB3_HUMAN skipped (The size of tensor a (2913) must match the size of tensor b (2000) at non-singleton dimension 3)
[2024-03-20-13:38:22] Amblyomma-americanum_evm.model.contig-48378-1.17 x tr|A0A087WXI2|A0A087WXI2_HUMAN skipped (The size of tensor a (4204) must match the size of tensor b (2000) at non-singleton dimension 3)
[2024-03-20-13:38:26] Amblyomma-americanum_evm.model.contig-48378-1.17 x tr|A0A2R8YDL0|A0A2R8YDL0_HUMAN skipped (The size of tensor a (2150) must match the size of tensor b (2000) at non-singleton dimension 3)
[2024-03-20-13:38:27] Amblyomma-americanum_evm.model.contig-48378-1.17 x tr|A0A2R8YF04|A0A2R8YF04_HUMAN skipped (The size of tensor a (2308) must match the size of tensor b (2000) at non-singleton dimension 3)
[2024-03-20-13:38:56] Amblyomma-americanum_evm.model.contig-76089-1.2 x sp|A2VEC9|SSPO_HUMAN skipped (The size of tensor a (5150) must match the size of tensor b (2000) at non-singleton dimension 3)
[2024-03-20-13:38:58] Amblyomma-americanum_evm.model.contig-76089-1.2 x sp|O00468|AGRIN_HUMAN skipped (The size of tensor a (2068) must match the size of tensor b (2000) at non-singleton dimension 3)
[2024-03-20-13:39:01] Amblyomma-americanum_evm.model.contig-76089-1.2 x sp|O75443|TECTA_HUMAN skipped (The size of tensor a (2155) must match the size of tensor b (2000) at non-singleton dimension 3)
[2024-03-20-13:39:08] Amblyomma-americanum_evm.model.contig-76089-1.2 x sp|P04275|VWF_HUMAN skipped (The size of tensor a (2813) must match the size of tensor b (2000) at non-singleton dimension 3)
[2024-03-20-13:39:12] Amblyomma-americanum_evm.model.contig-76089-1.2 x sp|P08519|APOA_HUMAN skipped (The size of tensor a (2040) must match the size of tensor b (2000) at non-singleton dimension 3)
[2024-03-20-13:39:16] Amblyomma-americanum_evm.model.contig-76089-1.2 x sp|P12111|CO6A3_HUMAN skipped (The size of tensor a (3177) must match the size of tensor b (2000) at non-singleton dimension 3)
[2024-03-20-13:39:16] Amblyomma-americanum_evm.model.contig-76089-1.2 x sp|P12259|FA5_HUMAN skipped (The size of tensor a (2224) must match the size of tensor b (2000) at non-singleton dimension 3)
[2024-03-20-13:39:24] Amblyomma-americanum_evm.model.contig-76089-1.2 x sp|P42345|MTOR_HUMAN skipped (The size of tensor a (2549) must match the size of tensor b (2000) at non-singleton dimension 3)
[2024-03-20-13:39:25] Amblyomma-americanum_evm.model.contig-76089-1.2 x sp|P46531|NOTC1_HUMAN skipped (The size of tensor a (2555) must match the size of tensor b (2000) at non-singleton dimension 3)
[2024-03-20-13:39:31] Amblyomma-americanum_evm.model.contig-76089-1.2 x sp|P78509|RELN_HUMAN skipped (The size of tensor a (3460) must match the size of tensor b (2000) at non-singleton dimension 3)
[2024-03-20-13:39:34] Amblyomma-americanum_evm.model.contig-76089-1.2 x sp|P98088|MUC5A_HUMAN skipped (The size of tensor a (5654) must match the size of tensor b (2000) at non-singleton dimension 3)
[2024-03-20-13:39:35] Amblyomma-americanum_evm.model.contig-76089-1.2 x sp|Q02388|CO7A1_HUMAN skipped (The size of tensor a (2944) must match the size of tensor b (2000) at non-singleton dimension 3)
[2024-03-20-13:39:36] Amblyomma-americanum_evm.model.contig-76089-1.2 x sp|Q02817|MUC2_HUMAN skipped (The size of tensor a (5289) must match the size of tensor b (2000) at non-singleton dimension 3)
[2024-03-20-13:39:44] Amblyomma-americanum_evm.model.contig-76089-1.2 x sp|Q6W4X9|MUC6_HUMAN skipped (The size of tensor a (2439) must match the size of tensor b (2000) at non-singleton dimension 3)
[2024-03-20-13:39:45] Amblyomma-americanum_evm.model.contig-76089-1.2 x sp|Q6ZRI0|OTOG_HUMAN skipped (The size of tensor a (2925) must match the size of tensor b (2000) at non-singleton dimension 3)
[2024-03-20-13:39:49] Amblyomma-americanum_evm.model.contig-76089-1.2 x sp|Q7Z5P9|MUC19_HUMAN skipped (The size of tensor a (8384) must match the size of tensor b (2000) at non-singleton dimension 3)
[2024-03-20-13:42:31] Amblyomma-americanum_evm.model.contig-76089-1.2 x sp|Q8WZ42|TITIN_HUMAN skipped (The size of tensor a (34350) must match the size of tensor b (2000) at non-singleton dimension 3)
[2024-03-20-13:42:33] Amblyomma-americanum_evm.model.contig-76089-1.2 x sp|Q93008|USP9X_HUMAN skipped (The size of tensor a (2554) must match the size of tensor b (2000) at non-singleton dimension 3)
[2024-03-20-13:42:39] Amblyomma-americanum_evm.model.contig-76089-1.2 x sp|Q9HC84|MUC5B_HUMAN skipped (The size of tensor a (5762) must match the size of tensor b (2000) at non-singleton dimension 3)
[2024-03-20-13:42:45] Amblyomma-americanum_evm.model.contig-76089-1.2 x sp|Q9Y493|ZAN_HUMAN skipped (The size of tensor a (2812) must match the size of tensor b (2000) at non-singleton dimension 3)
[2024-03-20-13:42:47] Amblyomma-americanum_evm.model.contig-76089-1.2 x sp|Q9Y6R7|FCGBP_HUMAN skipped (The size of tensor a (5405) must match the size of tensor b (2000) at non-singleton dimension 3)
[2024-03-20-13:42:49] Amblyomma-americanum_evm.model.contig-76089-1.2 x sp|Q3ZCN5|OTOGL_HUMAN skipped (The size of tensor a (2353) must match the size of tensor b (2000) at non-singleton dimension 3)
[2024-03-20-13:42:55] Amblyomma-americanum_evm.model.contig-76089-1.2 x tr|A0A7P0TA83|A0A7P0TA83_HUMAN skipped (The size of tensor a (3465) must match the size of tensor b (2000) at non-singleton dimension 3)
[2024-03-20-13:43:00] Amblyomma-americanum_evm.model.contig-76089-1.2 x tr|J3KQ66|J3KQ66_HUMAN skipped (The size of tensor a (3469) must match the size of tensor b (2000) at non-singleton dimension 3)
[2024-03-20-13:43:05] Amblyomma-americanum_evm.model.contig-76089-1.2 x tr|A0A0G2JR65|A0A0G2JR65_HUMAN skipped (The size of tensor a (2817) must match the size of tensor b (2000) at non-singleton dimension 3)
[2024-03-20-13:43:19] Amblyomma-americanum_evm.model.contig-76089-1.2 x tr|H9KVB3|H9KVB3_HUMAN skipped (The size of tensor a (2913) must match the size of tensor b (2000) at non-singleton dimension 3)
[2024-03-20-13:43:22] Amblyomma-americanum_evm.model.contig-76089-1.2 x tr|A0A087WXI2|A0A087WXI2_HUMAN skipped (The size of tensor a (4204) must match the size of tensor b (2000) at non-singleton dimension 3)
[2024-03-20-13:43:25] Amblyomma-americanum_evm.model.contig-76089-1.2 x tr|A0A2R8YDL0|A0A2R8YDL0_HUMAN skipped (The size of tensor a (2150) must match the size of tensor b (2000) at non-singleton dimension 3)
[2024-03-20-13:43:25] Amblyomma-americanum_evm.model.contig-76089-1.2 x tr|A0A2R8YF04|A0A2R8YF04_HUMAN skipped (The size of tensor a (2308) must match the size of tensor b (2000) at non-singleton dimension 3)
[2024-03-20-13:43:42] Amblyomma-americanum_evm.model.contig-78294-1.1 x sp|A2VEC9|SSPO_HUMAN skipped (The size of tensor a (5150) must match the size of tensor b (2000) at non-singleton dimension 3)
[2024-03-20-13:43:44] Amblyomma-americanum_evm.model.contig-78294-1.1 x sp|O00468|AGRIN_HUMAN skipped (The size of tensor a (2068) must match the size of tensor b (2000) at non-singleton dimension 3)
[2024-03-20-13:43:49] Amblyomma-americanum_evm.model.contig-78294-1.1 x sp|O75443|TECTA_HUMAN skipped (The size of tensor a (2155) must match the size of tensor b (2000) at non-singleton dimension 3)
[2024-03-20-13:43:58] Amblyomma-americanum_evm.model.contig-78294-1.1 x sp|P04275|VWF_HUMAN skipped (The size of tensor a (2813) must match the size of tensor b (2000) at non-singleton dimension 3)
[2024-03-20-13:44:03] Amblyomma-americanum_evm.model.contig-78294-1.1 x sp|P08519|APOA_HUMAN skipped (The size of tensor a (2040) must match the size of tensor b (2000) at non-singleton dimension 3)
[2024-03-20-13:44:09] Amblyomma-americanum_evm.model.contig-78294-1.1 x sp|P12111|CO6A3_HUMAN skipped (The size of tensor a (3177) must match the size of tensor b (2000) at non-singleton dimension 3)
[2024-03-20-13:44:09] Amblyomma-americanum_evm.model.contig-78294-1.1 x sp|P12259|FA5_HUMAN skipped (The size of tensor a (2224) must match the size of tensor b (2000) at non-singleton dimension 3)
[2024-03-20-13:44:20] Amblyomma-americanum_evm.model.contig-78294-1.1 x sp|P42345|MTOR_HUMAN skipped (The size of tensor a (2549) must match the size of tensor b (2000) at non-singleton dimension 3)
[2024-03-20-13:44:21] Amblyomma-americanum_evm.model.contig-78294-1.1 x sp|P46531|NOTC1_HUMAN skipped (The size of tensor a (2555) must match the size of tensor b (2000) at non-singleton dimension 3)
[2024-03-20-13:44:28] Amblyomma-americanum_evm.model.contig-78294-1.1 x sp|P78509|RELN_HUMAN skipped (The size of tensor a (3460) must match the size of tensor b (2000) at non-singleton dimension 3)
[2024-03-20-13:44:32] Amblyomma-americanum_evm.model.contig-78294-1.1 x sp|P98088|MUC5A_HUMAN skipped (The size of tensor a (5654) must match the size of tensor b (2000) at non-singleton dimension 3)
[2024-03-20-13:44:33] Amblyomma-americanum_evm.model.contig-78294-1.1 x sp|Q02388|CO7A1_HUMAN skipped (The size of tensor a (2944) must match the size of tensor b (2000) at non-singleton dimension 3)
[2024-03-20-13:44:35] Amblyomma-americanum_evm.model.contig-78294-1.1 x sp|Q02817|MUC2_HUMAN skipped (The size of tensor a (5289) must match the size of tensor b (2000) at non-singleton dimension 3)
[2024-03-20-13:44:45] Amblyomma-americanum_evm.model.contig-78294-1.1 x sp|Q6W4X9|MUC6_HUMAN skipped (The size of tensor a (2439) must match the size of tensor b (2000) at non-singleton dimension 3)
[2024-03-20-13:44:47] Amblyomma-americanum_evm.model.contig-78294-1.1 x sp|Q6ZRI0|OTOG_HUMAN skipped (The size of tensor a (2925) must match the size of tensor b (2000) at non-singleton dimension 3)
[2024-03-20-13:44:51] Amblyomma-americanum_evm.model.contig-78294-1.1 x sp|Q7Z5P9|MUC19_HUMAN skipped (The size of tensor a (8384) must match the size of tensor b (2000) at non-singleton dimension 3)
[2024-03-20-13:48:47] Amblyomma-americanum_evm.model.contig-78294-1.1 x sp|Q8WZ42|TITIN_HUMAN skipped (The size of tensor a (34350) must match the size of tensor b (2000) at non-singleton dimension 3)
[2024-03-20-13:48:50] Amblyomma-americanum_evm.model.contig-78294-1.1 x sp|Q93008|USP9X_HUMAN skipped (The size of tensor a (2554) must match the size of tensor b (2000) at non-singleton dimension 3)
[2024-03-20-13:48:58] Amblyomma-americanum_evm.model.contig-78294-1.1 x sp|Q9HC84|MUC5B_HUMAN skipped (The size of tensor a (5762) must match the size of tensor b (2000) at non-singleton dimension 3)
[2024-03-20-13:49:06] Amblyomma-americanum_evm.model.contig-78294-1.1 x sp|Q9Y493|ZAN_HUMAN skipped (The size of tensor a (2812) must match the size of tensor b (2000) at non-singleton dimension 3)
[2024-03-20-13:49:10] Amblyomma-americanum_evm.model.contig-78294-1.1 x sp|Q9Y6R7|FCGBP_HUMAN skipped (The size of tensor a (5405) must match the size of tensor b (2000) at non-singleton dimension 3)
[2024-03-20-13:49:12] Amblyomma-americanum_evm.model.contig-78294-1.1 x sp|Q3ZCN5|OTOGL_HUMAN skipped (The size of tensor a (2353) must match the size of tensor b (2000) at non-singleton dimension 3)
[2024-03-20-13:49:21] Amblyomma-americanum_evm.model.contig-78294-1.1 x tr|A0A7P0TA83|A0A7P0TA83_HUMAN skipped (The size of tensor a (3465) must match the size of tensor b (2000) at non-singleton dimension 3)
[2024-03-20-13:49:26] Amblyomma-americanum_evm.model.contig-78294-1.1 x tr|J3KQ66|J3KQ66_HUMAN skipped (The size of tensor a (3469) must match the size of tensor b (2000) at non-singleton dimension 3)
[2024-03-20-13:49:33] Amblyomma-americanum_evm.model.contig-78294-1.1 x tr|A0A0G2JR65|A0A0G2JR65_HUMAN skipped (The size of tensor a (2817) must match the size of tensor b (2000) at non-singleton dimension 3)
[2024-03-20-13:49:53] Amblyomma-americanum_evm.model.contig-78294-1.1 x tr|H9KVB3|H9KVB3_HUMAN skipped (The size of tensor a (2913) must match the size of tensor b (2000) at non-singleton dimension 3)
[2024-03-20-13:49:57] Amblyomma-americanum_evm.model.contig-78294-1.1 x tr|A0A087WXI2|A0A087WXI2_HUMAN skipped (The size of tensor a (4204) must match the size of tensor b (2000) at non-singleton dimension 3)
[2024-03-20-13:50:01] Amblyomma-americanum_evm.model.contig-78294-1.1 x tr|A0A2R8YDL0|A0A2R8YDL0_HUMAN skipped (The size of tensor a (2150) must match the size of tensor b (2000) at non-singleton dimension 3)
[2024-03-20-13:50:01] Amblyomma-americanum_evm.model.contig-78294-1.1 x tr|A0A2R8YF04|A0A2R8YF04_HUMAN skipped (The size of tensor a (2308) must match the size of tensor b (2000) at non-singleton dimension 3)
[2024-03-20-13:50:22] Amblyomma-americanum_evm.model.contig-8661-1.1 x sp|A2VEC9|SSPO_HUMAN skipped (The size of tensor a (5150) must match the size of tensor b (2000) at non-singleton dimension 3)
[2024-03-20-13:50:24] Amblyomma-americanum_evm.model.contig-8661-1.1 x sp|O00468|AGRIN_HUMAN skipped (The size of tensor a (2068) must match the size of tensor b (2000) at non-singleton dimension 3)
[2024-03-20-13:50:28] Amblyomma-americanum_evm.model.contig-8661-1.1 x sp|O75443|TECTA_HUMAN skipped (The size of tensor a (2155) must match the size of tensor b (2000) at non-singleton dimension 3)
[2024-03-20-13:50:34] Amblyomma-americanum_evm.model.contig-8661-1.1 x sp|P04275|VWF_HUMAN skipped (The size of tensor a (2813) must match the size of tensor b (2000) at non-singleton dimension 3)
[2024-03-20-13:50:38] Amblyomma-americanum_evm.model.contig-8661-1.1 x sp|P08519|APOA_HUMAN skipped (The size of tensor a (2040) must match the size of tensor b (2000) at non-singleton dimension 3)
[2024-03-20-13:50:41] Amblyomma-americanum_evm.model.contig-8661-1.1 x sp|P12111|CO6A3_HUMAN skipped (The size of tensor a (3177) must match the size of tensor b (2000) at non-singleton dimension 3)
[2024-03-20-13:50:42] Amblyomma-americanum_evm.model.contig-8661-1.1 x sp|P12259|FA5_HUMAN skipped (The size of tensor a (2224) must match the size of tensor b (2000) at non-singleton dimension 3)
[2024-03-20-13:50:50] Amblyomma-americanum_evm.model.contig-8661-1.1 x sp|P42345|MTOR_HUMAN skipped (The size of tensor a (2549) must match the size of tensor b (2000) at non-singleton dimension 3)
[2024-03-20-13:50:51] Amblyomma-americanum_evm.model.contig-8661-1.1 x sp|P46531|NOTC1_HUMAN skipped (The size of tensor a (2555) must match the size of tensor b (2000) at non-singleton dimension 3)
[2024-03-20-13:50:56] Amblyomma-americanum_evm.model.contig-8661-1.1 x sp|P78509|RELN_HUMAN skipped (The size of tensor a (3460) must match the size of tensor b (2000) at non-singleton dimension 3)
[2024-03-20-13:50:58] Amblyomma-americanum_evm.model.contig-8661-1.1 x sp|P98088|MUC5A_HUMAN skipped (The size of tensor a (5654) must match the size of tensor b (2000) at non-singleton dimension 3)
[2024-03-20-13:51:00] Amblyomma-americanum_evm.model.contig-8661-1.1 x sp|Q02388|CO7A1_HUMAN skipped (The size of tensor a (2944) must match the size of tensor b (2000) at non-singleton dimension 3)
[2024-03-20-13:51:01] Amblyomma-americanum_evm.model.contig-8661-1.1 x sp|Q02817|MUC2_HUMAN skipped (The size of tensor a (5289) must match the size of tensor b (2000) at non-singleton dimension 3)
[2024-03-20-13:51:08] Amblyomma-americanum_evm.model.contig-8661-1.1 x sp|Q6W4X9|MUC6_HUMAN skipped (The size of tensor a (2439) must match the size of tensor b (2000) at non-singleton dimension 3)
[2024-03-20-13:51:10] Amblyomma-americanum_evm.model.contig-8661-1.1 x sp|Q6ZRI0|OTOG_HUMAN skipped (The size of tensor a (2925) must match the size of tensor b (2000) at non-singleton dimension 3)
[2024-03-20-13:51:12] Amblyomma-americanum_evm.model.contig-8661-1.1 x sp|Q7Z5P9|MUC19_HUMAN skipped (The size of tensor a (8384) must match the size of tensor b (2000) at non-singleton dimension 3)
[2024-03-20-13:53:52] Amblyomma-americanum_evm.model.contig-8661-1.1 x sp|Q8WZ42|TITIN_HUMAN skipped (The size of tensor a (34350) must match the size of tensor b (2000) at non-singleton dimension 3)
[2024-03-20-13:53:54] Amblyomma-americanum_evm.model.contig-8661-1.1 x sp|Q93008|USP9X_HUMAN skipped (The size of tensor a (2554) must match the size of tensor b (2000) at non-singleton dimension 3)
[2024-03-20-13:54:00] Amblyomma-americanum_evm.model.contig-8661-1.1 x sp|Q9HC84|MUC5B_HUMAN skipped (The size of tensor a (5762) must match the size of tensor b (2000) at non-singleton dimension 3)
[2024-03-20-13:54:05] Amblyomma-americanum_evm.model.contig-8661-1.1 x sp|Q9Y493|ZAN_HUMAN skipped (The size of tensor a (2812) must match the size of tensor b (2000) at non-singleton dimension 3)
[2024-03-20-13:54:07] Amblyomma-americanum_evm.model.contig-8661-1.1 x sp|Q9Y6R7|FCGBP_HUMAN skipped (The size of tensor a (5405) must match the size of tensor b (2000) at non-singleton dimension 3)
[2024-03-20-13:54:09] Amblyomma-americanum_evm.model.contig-8661-1.1 x sp|Q3ZCN5|OTOGL_HUMAN skipped (The size of tensor a (2353) must match the size of tensor b (2000) at non-singleton dimension 3)
[2024-03-20-13:54:15] Amblyomma-americanum_evm.model.contig-8661-1.1 x tr|A0A7P0TA83|A0A7P0TA83_HUMAN skipped (The size of tensor a (3465) must match the size of tensor b (2000) at non-singleton dimension 3)
[2024-03-20-13:54:19] Amblyomma-americanum_evm.model.contig-8661-1.1 x tr|J3KQ66|J3KQ66_HUMAN skipped (The size of tensor a (3469) must match the size of tensor b (2000) at non-singleton dimension 3)
[2024-03-20-13:54:24] Amblyomma-americanum_evm.model.contig-8661-1.1 x tr|A0A0G2JR65|A0A0G2JR65_HUMAN skipped (The size of tensor a (2817) must match the size of tensor b (2000) at non-singleton dimension 3)
[2024-03-20-13:54:38] Amblyomma-americanum_evm.model.contig-8661-1.1 x tr|H9KVB3|H9KVB3_HUMAN skipped (The size of tensor a (2913) must match the size of tensor b (2000) at non-singleton dimension 3)
[2024-03-20-13:54:41] Amblyomma-americanum_evm.model.contig-8661-1.1 x tr|A0A087WXI2|A0A087WXI2_HUMAN skipped (The size of tensor a (4204) must match the size of tensor b (2000) at non-singleton dimension 3)
[2024-03-20-13:54:44] Amblyomma-americanum_evm.model.contig-8661-1.1 x tr|A0A2R8YDL0|A0A2R8YDL0_HUMAN skipped (The size of tensor a (2150) must match the size of tensor b (2000) at non-singleton dimension 3)
[2024-03-20-13:54:44] Amblyomma-americanum_evm.model.contig-8661-1.1 x tr|A0A2R8YF04|A0A2R8YF04_HUMAN skipped (The size of tensor a (2308) must match the size of tensor b (2000) at non-singleton dimension 3)
[2024-03-20-13:55:01] Amblyomma-americanum_evm.model.contig-94090-1.4 x sp|A2VEC9|SSPO_HUMAN skipped (The size of tensor a (5150) must match the size of tensor b (2000) at non-singleton dimension 3)
[2024-03-20-13:55:04] Amblyomma-americanum_evm.model.contig-94090-1.4 x sp|O00468|AGRIN_HUMAN skipped (The size of tensor a (2068) must match the size of tensor b (2000) at non-singleton dimension 3)
[2024-03-20-13:55:11] Amblyomma-americanum_evm.model.contig-94090-1.4 x sp|O75443|TECTA_HUMAN skipped (The size of tensor a (2155) must match the size of tensor b (2000) at non-singleton dimension 3)
[2024-03-20-13:55:24] Amblyomma-americanum_evm.model.contig-94090-1.4 x sp|P04275|VWF_HUMAN skipped (The size of tensor a (2813) must match the size of tensor b (2000) at non-singleton dimension 3)
[2024-03-20-13:55:31] Amblyomma-americanum_evm.model.contig-94090-1.4 x sp|P08519|APOA_HUMAN skipped (The size of tensor a (2040) must match the size of tensor b (2000) at non-singleton dimension 3)
[2024-03-20-13:55:38] Amblyomma-americanum_evm.model.contig-94090-1.4 x sp|P12111|CO6A3_HUMAN skipped (The size of tensor a (3177) must match the size of tensor b (2000) at non-singleton dimension 3)
[2024-03-20-13:55:39] Amblyomma-americanum_evm.model.contig-94090-1.4 x sp|P12259|FA5_HUMAN skipped (The size of tensor a (2224) must match the size of tensor b (2000) at non-singleton dimension 3)
[2024-03-20-13:55:53] Amblyomma-americanum_evm.model.contig-94090-1.4 x sp|P42345|MTOR_HUMAN skipped (The size of tensor a (2549) must match the size of tensor b (2000) at non-singleton dimension 3)
[2024-03-20-13:55:56] Amblyomma-americanum_evm.model.contig-94090-1.4 x sp|P46531|NOTC1_HUMAN skipped (The size of tensor a (2555) must match the size of tensor b (2000) at non-singleton dimension 3)
[2024-03-20-13:56:07] Amblyomma-americanum_evm.model.contig-94090-1.4 x sp|P78509|RELN_HUMAN skipped (The size of tensor a (3460) must match the size of tensor b (2000) at non-singleton dimension 3)
[2024-03-20-13:56:12] Amblyomma-americanum_evm.model.contig-94090-1.4 x sp|P98088|MUC5A_HUMAN skipped (The size of tensor a (5654) must match the size of tensor b (2000) at non-singleton dimension 3)
[2024-03-20-13:56:15] Amblyomma-americanum_evm.model.contig-94090-1.4 x sp|Q02388|CO7A1_HUMAN skipped (The size of tensor a (2944) must match the size of tensor b (2000) at non-singleton dimension 3)
[2024-03-20-13:56:18] Amblyomma-americanum_evm.model.contig-94090-1.4 x sp|Q02817|MUC2_HUMAN skipped (The size of tensor a (5289) must match the size of tensor b (2000) at non-singleton dimension 3)
[2024-03-20-13:56:32] Amblyomma-americanum_evm.model.contig-94090-1.4 x sp|Q6W4X9|MUC6_HUMAN skipped (The size of tensor a (2439) must match the size of tensor b (2000) at non-singleton dimension 3)
[2024-03-20-13:56:35] Amblyomma-americanum_evm.model.contig-94090-1.4 x sp|Q6ZRI0|OTOG_HUMAN skipped (The size of tensor a (2925) must match the size of tensor b (2000) at non-singleton dimension 3)
[2024-03-20-13:57:54] Amblyomma-americanum_evm.model.contig-94090-1.4 x sp|Q7Z5P9|MUC19_HUMAN skipped (The size of tensor a (8384) must match the size of tensor b (2000) at non-singleton dimension 3)
[2024-03-20-14:04:47] Amblyomma-americanum_evm.model.contig-94090-1.4 x sp|Q8WZ42|TITIN_HUMAN skipped (The size of tensor a (34350) must match the size of tensor b (2000) at non-singleton dimension 3)
[2024-03-20-14:04:51] Amblyomma-americanum_evm.model.contig-94090-1.4 x sp|Q93008|USP9X_HUMAN skipped (The size of tensor a (2554) must match the size of tensor b (2000) at non-singleton dimension 3)
[2024-03-20-14:05:02] Amblyomma-americanum_evm.model.contig-94090-1.4 x sp|Q9HC84|MUC5B_HUMAN skipped (The size of tensor a (5762) must match the size of tensor b (2000) at non-singleton dimension 3)
[2024-03-20-14:05:13] Amblyomma-americanum_evm.model.contig-94090-1.4 x sp|Q9Y493|ZAN_HUMAN skipped (The size of tensor a (2812) must match the size of tensor b (2000) at non-singleton dimension 3)
[2024-03-20-14:05:18] Amblyomma-americanum_evm.model.contig-94090-1.4 x sp|Q9Y6R7|FCGBP_HUMAN skipped (The size of tensor a (5405) must match the size of tensor b (2000) at non-singleton dimension 3)
[2024-03-20-14:05:21] Amblyomma-americanum_evm.model.contig-94090-1.4 x sp|Q3ZCN5|OTOGL_HUMAN skipped (The size of tensor a (2353) must match the size of tensor b (2000) at non-singleton dimension 3)
[2024-03-20-14:05:36] Amblyomma-americanum_evm.model.contig-94090-1.4 x tr|A0A7P0TA83|A0A7P0TA83_HUMAN skipped (The size of tensor a (3465) must match the size of tensor b (2000) at non-singleton dimension 3)
[2024-03-20-14:05:45] Amblyomma-americanum_evm.model.contig-94090-1.4 x tr|J3KQ66|J3KQ66_HUMAN skipped (The size of tensor a (3469) must match the size of tensor b (2000) at non-singleton dimension 3)
[2024-03-20-14:05:57] Amblyomma-americanum_evm.model.contig-94090-1.4 x tr|A0A0G2JR65|A0A0G2JR65_HUMAN skipped (The size of tensor a (2817) must match the size of tensor b (2000) at non-singleton dimension 3)
[2024-03-20-14:06:28] Amblyomma-americanum_evm.model.contig-94090-1.4 x tr|H9KVB3|H9KVB3_HUMAN skipped (The size of tensor a (2913) must match the size of tensor b (2000) at non-singleton dimension 3)
[2024-03-20-14:06:35] Amblyomma-americanum_evm.model.contig-94090-1.4 x tr|A0A087WXI2|A0A087WXI2_HUMAN skipped (The size of tensor a (4204) must match the size of tensor b (2000) at non-singleton dimension 3)
[2024-03-20-14:06:40] Amblyomma-americanum_evm.model.contig-94090-1.4 x tr|A0A2R8YDL0|A0A2R8YDL0_HUMAN skipped (The size of tensor a (2150) must match the size of tensor b (2000) at non-singleton dimension 3)
[2024-03-20-14:06:42] Amblyomma-americanum_evm.model.contig-94090-1.4 x tr|A0A2R8YF04|A0A2R8YF04_HUMAN skipped (The size of tensor a (2308) must match the size of tensor b (2000) at non-singleton dimension 3)
